  HttpThread.cpp
e:\projects\shttpserver\shttpserver\router.h(62): warning C4018: “<”: 有符号/无符号不匹配
e:\projects\shttpserver\shttpserver\router.h(90): warning C4244: “初始化”: 从“std::streamoff”转换到“::size_t”，可能丢失数据
e:\projects\shttpserver\shttpserver\router.h(97): warning C4244: “初始化”: 从“std::streamsize”转换到“::size_t”，可能丢失数据
e:\projects\shttpserver\shttpserver\httpthread.h(158): warning C4996: 'gmtime': This function or variable may be unsafe. Consider using gmtime_s instead. To disable deprecation, use _CRT_SECURE_NO_WARNINGS. See online help for details.
  c:\program files (x86)\windows kits\10\include\10.0.15063.0\ucrt\time.h(495): note: 参见“gmtime”的声明
e:\projects\shttpserver\shttpserver\httpthread.h(230): warning C4018: “<”: 有符号/无符号不匹配
  正在生成代码...
  正在编译...
  main.cpp
e:\projects\shttpserver\shttpserver\router.h(62): warning C4018: “<”: 有符号/无符号不匹配
e:\projects\shttpserver\shttpserver\router.h(90): warning C4244: “初始化”: 从“std::streamoff”转换到“::size_t”，可能丢失数据
e:\projects\shttpserver\shttpserver\router.h(97): warning C4244: “初始化”: 从“std::streamsize”转换到“::size_t”，可能丢失数据
e:\projects\shttpserver\shttpserver\httpthread.h(158): warning C4996: 'gmtime': This function or variable may be unsafe. Consider using gmtime_s instead. To disable deprecation, use _CRT_SECURE_NO_WARNINGS. See online help for details.
  c:\program files (x86)\windows kits\10\include\10.0.15063.0\ucrt\time.h(495): note: 参见“gmtime”的声明
e:\projects\shttpserver\shttpserver\httpthread.h(230): warning C4018: “<”: 有符号/无符号不匹配
e:\projects\shttpserver\shttpserver\main.cpp(32): warning C4129: “h”: 不可识别的字符转义序列
e:\projects\shttpserver\shttpserver\main.cpp(59): warning C4101: “revData”: 未引用的局部变量
  正在生成代码...
  SHttpServer.vcxproj -> E:\Projects\SHttpServer\Debug\SHttpServer.exe
  SHttpServer.vcxproj -> E:\Projects\SHttpServer\Debug\SHttpServer.pdb (Partial PDB)
